0 info it worked if it ends with ok
1 verbose cli [ 'C:\\Program Files (x86)\\nodejs\\node.exe',
1 verbose cli   'C:\\Program Files (x86)\\nodejs\\node_modules\\npm\\bin\\npm-cli.js',
1 verbose cli   'run',
1 verbose cli   'build' ]
2 info using npm@3.10.8
3 info using node@v6.9.1
4 verbose run-script [ 'prebuild', 'build', 'postbuild' ]
5 info lifecycle home@1.0.0~prebuild: home@1.0.0
6 silly lifecycle home@1.0.0~prebuild: no script for prebuild, continuing
7 info lifecycle home@1.0.0~build: home@1.0.0
8 verbose lifecycle home@1.0.0~build: unsafe-perm in lifecycle true
9 verbose lifecycle home@1.0.0~build: PATH: C:\Program Files (x86)\nodejs\node_modules\npm\bin\node-gyp-bin;C:\Users\nunessh\Documents\Projects\TFS Analytics Extension\home\node_modules\.bin;C:\Program Files (x86)\Parallels\Parallels Tools\Applications;C:\Windows\system32;C:\Windows;C:\Windows\System32\Wbem;C:\Windows\System32\WindowsPowerShell\v1.0\;C:\Program Files\Microsoft SQL Server\120\DTS\Binn\;C:\Program Files\Microsoft SQL Server\Client SDK\ODBC\110\Tools\Binn\;C:\Program Files (x86)\Microsoft SQL Server\120\Tools\Binn\;C:\Program Files\Microsoft SQL Server\120\Tools\Binn\;C:\Program Files (x86)\Microsoft SQL Server\120\Tools\Binn\ManagementStudio\;C:\Program Files (x86)\Microsoft SQL Server\120\DTS\Binn\;C:\Program Files (x86)\Windows Kits\10\Windows Performance Toolkit\;C:\Program Files (x86)\nodejs\;C:\Program Files\Git\cmd;C:\Program Files (x86)\GtkSharp\2.12\bin;C:\Program Files\Microsoft SQL Server\130\Tools\Binn\;C:\Program Files\dotnet\;C:\Users\nunessh\AppData\Roaming\npm;C:\Users\nunessh\AppData\Roaming\npm;C:\Users\nunessh\Downloads\sqlite-tools-win32-x86-3150100\sqlite-tools-win32-x86-3150100;C:\Program Files\Microsoft VS Code\bin
10 verbose lifecycle home@1.0.0~build: CWD: C:\Users\nunessh\Documents\Projects\TFS Analytics Extension\home
11 silly lifecycle home@1.0.0~build: Args: [ '/d /s /c',
11 silly lifecycle   'tsc -p . && parcel build static/tfs-visualizer.html --public-url . && tfx extension create --manifest-globs vss-extension.json' ]
12 silly lifecycle home@1.0.0~build: Returned: code: 1  signal: null
13 info lifecycle home@1.0.0~build: Failed to exec build script
14 verbose stack Error: home@1.0.0 build: `tsc -p . && parcel build static/tfs-visualizer.html --public-url . && tfx extension create --manifest-globs vss-extension.json`
14 verbose stack Exit status 1
14 verbose stack     at EventEmitter.<anonymous> (C:\Program Files (x86)\nodejs\node_modules\npm\lib\utils\lifecycle.js:255:16)
14 verbose stack     at emitTwo (events.js:106:13)
14 verbose stack     at EventEmitter.emit (events.js:191:7)
14 verbose stack     at ChildProcess.<anonymous> (C:\Program Files (x86)\nodejs\node_modules\npm\lib\utils\spawn.js:40:14)
14 verbose stack     at emitTwo (events.js:106:13)
14 verbose stack     at ChildProcess.emit (events.js:191:7)
14 verbose stack     at maybeClose (internal/child_process.js:877:16)
14 verbose stack     at Process.ChildProcess._handle.onexit (internal/child_process.js:226:5)
15 verbose pkgid home@1.0.0
16 verbose cwd C:\Users\nunessh\Documents\Projects\TFS Analytics Extension\home
17 error Windows_NT 10.0.10240
18 error argv "C:\\Program Files (x86)\\nodejs\\node.exe" "C:\\Program Files (x86)\\nodejs\\node_modules\\npm\\bin\\npm-cli.js" "run" "build"
19 error node v6.9.1
20 error npm  v3.10.8
21 error code ELIFECYCLE
22 error home@1.0.0 build: `tsc -p . && parcel build static/tfs-visualizer.html --public-url . && tfx extension create --manifest-globs vss-extension.json`
22 error Exit status 1
23 error Failed at the home@1.0.0 build script 'tsc -p . && parcel build static/tfs-visualizer.html --public-url . && tfx extension create --manifest-globs vss-extension.json'.
23 error Make sure you have the latest version of node.js and npm installed.
23 error If you do, this is most likely a problem with the home package,
23 error not with npm itself.
23 error Tell the author that this fails on your system:
23 error     tsc -p . && parcel build static/tfs-visualizer.html --public-url . && tfx extension create --manifest-globs vss-extension.json
23 error You can get information on how to open an issue for this project with:
23 error     npm bugs home
23 error Or if that isn't available, you can get their info via:
23 error     npm owner ls home
23 error There is likely additional logging output above.
24 verbose exit [ 1, true ]
